New log file opened at Thu Aug 20 01:56:44 BRT 2015 by 7420@LUCAS-PC
jvm 7420@LUCAS-PC
jvm vmName=Java HotSpot(TM) 64-Bit Server VM vmVendor=Oracle Corporation vmVersion=25.5-b02
jvm specName=Java Virtual Machine Specification specVendor=Oracle Corporation specVersion=1.8
jvm arguments: [-Xms256m, -Xmx1024m, -XX:MetaspaceSize=64m, -XX:MaxMetaspaceSize=256m]
Starting event engine
Starting sbt command engine
Waiting for sbt command engine
Command engine arguments=List()
Command engine baseDirectory=E:\projetos\dev\tweetbook
Command engine initial remaining commands List(--initialize, onFailure load-failed, boot, server-send-ready-for-request, server-handle-next-server-request)
> --initialize
> initialize
> onFailure load-failed
> boot
> reload
[Loading] Scanning directory E:\projetos\dev\tweetbook\project
[Loading] Found non-root projects 
[Loading] Done in E:\projetos\dev\tweetbook\project, returning: ()
deducing auto plugins based on known facts Set(Atom(sbt.plugins.CorePlugin)) and clauses Clauses(List(Clause(Atom(sbt.plugins.JvmPlugin),Set(Atom(sbt.plugins.IvyPlugin))), Clause(Atom(sbt.plugins.JUnitXmlReportPlugin),Set(Atom(sbt.plugins.JvmPlugin))), Clause(Atom(sbt.plugins.CorePlugin),Set(Atom(sbt.plugins.IvyPlugin))), Clause(Atom(sbt.plugins.IvyPlugin),Set(Atom(sbt.plugins.JvmPlugin))), Clause(Atom(sbt.plugins.JvmPlugin),Set(Atom(sbt.plugins.JUnitXmlReportPlugin)))))
  :: deduced result: Matched(sbt.plugins.CorePlugin,sbt.plugins.IvyPlugin,sbt.plugins.JvmPlugin,sbt.plugins.JUnitXmlReportPlugin)
sorting: ns: List(sbt.plugins.CorePlugin, sbt.plugins.IvyPlugin, sbt.plugins.JvmPlugin, sbt.plugins.JUnitXmlReportPlugin)
  :: sorting:: found: List(sbt.plugins.CorePlugin) not found List(sbt.plugins.IvyPlugin, sbt.plugins.JvmPlugin, sbt.plugins.JUnitXmlReportPlugin)
  :: sorting:: found: List(sbt.plugins.CorePlugin, sbt.plugins.IvyPlugin) not found List(sbt.plugins.JvmPlugin, sbt.plugins.JUnitXmlReportPlugin)
  :: sorting:: found: List(sbt.plugins.CorePlugin, sbt.plugins.IvyPlugin, sbt.plugins.JvmPlugin) not found List(sbt.plugins.JUnitXmlReportPlugin)
  :: sorting:: found: List(sbt.plugins.CorePlugin, sbt.plugins.IvyPlugin, sbt.plugins.JvmPlugin, sbt.plugins.JUnitXmlReportPlugin) not found List()
  :: sorted deduced result: List(sbt.plugins.CorePlugin, sbt.plugins.IvyPlugin, sbt.plugins.JvmPlugin, sbt.plugins.JUnitXmlReportPlugin)
[Loading] Done in E:\projetos\dev\tweetbook\project, returning: (tweetbook-build)
Loading project definition from E:\projetos\dev\tweetbook\project
Running task... Cancel: sbt.TaskCancellationStrategy$Null$@39acfc76, check cycles: false

Initial source changes: 
	removed:Set()
	added: Set()
	modified: Set()
Removed products: Set()
External API changes: API Changes: Set()
Modified binary dependencies: Set()
Initial directly invalidated sources: Set()

Sources indirectly invalidated by:
	product: Set()
	binary dep: Set()
	external source: Set()
All initially invalidated sources: Set()

Copy resource mappings: 
	
[Loading] Scanning directory E:\projetos\dev\tweetbook
[Loading] Found root project root w/ remaining 
deducing auto plugins based on known facts Set(Atom(play.sbt.PlayJava), Atom(play.ebean.sbt.PlayEbean), Atom(sbt.plugins.CorePlugin)) and clauses Clauses(List(Clause(Atom(sbt.plugins.JvmPlugin),Set(Atom(sbt.plugins.IvyPlugin))), Clause(Atom(sbt.plugins.JUnitXmlReportPlugin),Set(Atom(sbt.plugins.JvmPlugin))), Clause(Atom(play.sbt.forkrun.PlayForkRun),Set(Atom(sbt.plugins.BackgroundRunPlugin))), Clause(Atom(play.sbt.forkrun.PlayForkRun),Set(Atom(play.sbt.Play))), Clause(Atom(play.sbt.forkrun.PlayForkRun),Set(Atom(sbt.plugins.SerializersPlugin))), Clause(Atom(play.sbt.Play),Set(Atom(com.typesafe.sbt.packager.archetypes.JavaServerAppPackaging))), Clause(Atom(play.sbt.Play),Set(Atom(play.sbt.routes.RoutesCompiler))), Clause(Atom(play.sbt.Play),Set(Atom(play.twirl.sbt.SbtTwirl))), Clause(Atom(play.sbt.Play),Set(Atom(com.typesafe.sbt.jse.SbtJsTask))), Clause(Atom(play.sbt.PlayAkkaHttpServer),Set(Atom(play.sbt.Play))), Clause(Atom(play.sbt.PlayJava),Set(Atom(play.sbt.Play))), Clause(Atom(play.sbt.PlayLayoutPlugin),Set(Atom(play.sbt.Play))), Clause(Atom(play.sbt.PlayNettyServer),Set(Atom(play.sbt.Play))), Clause(Atom(play.sbt.PlayScala),Set(Atom(play.sbt.Play))), Clause(Atom(play.sbt.routes.RoutesCompiler),Set(Atom(sbt.plugins.JvmPlugin))), Clause(Atom(play.twirl.sbt.SbtTwirl),Set(Atom(sbt.plugins.JvmPlugin))), Clause(Atom(com.typesafe.sbt.packager.archetypes.AkkaAppPackaging),Set(Atom(com.typesafe.sbt.packager.archetypes.JavaAppPackaging))), Clause(Atom(com.typesafe.sbt.packager.archetypes.JavaAppPackaging),Set(Atom(com.typesafe.sbt.packager.windows.WindowsPlugin))), Clause(Atom(com.typesafe.sbt.packager.archetypes.JavaAppPackaging),Set(Atom(com.typesafe.sbt.packager.docker.DockerPlugin))), Clause(Atom(com.typesafe.sbt.packager.archetypes.JavaAppPackaging),Set(Atom(com.typesafe.sbt.packager.debian.DebianPlugin))), Clause(Atom(com.typesafe.sbt.packager.archetypes.JavaAppPackaging),Set(Atom(com.typesafe.sbt.packager.rpm.RpmPlugin))), Clause(Atom(com.typesafe.sbt.packager.archetypes.JavaServerAppPackaging),Set(Atom(com.typesafe.sbt.packager.archetypes.JavaAppPackaging))), Clause(Atom(com.typesafe.sbt.packager.archetypes.jar.ClasspathJarPlugin),Set(Atom(com.typesafe.sbt.packager.archetypes.JavaAppPackaging))), Clause(Atom(com.typesafe.sbt.packager.archetypes.jar.LauncherJarPlugin),Set(Atom(com.typesafe.sbt.packager.archetypes.JavaAppPackaging))), Clause(Atom(com.typesafe.sbt.packager.debian.DebianDeployPlugin),Set(Atom(com.typesafe.sbt.packager.debian.DebianPlugin))), Clause(Atom(com.typesafe.sbt.packager.debian.DebianPlugin),Set(Atom(com.typesafe.sbt.packager.linux.LinuxPlugin))), Clause(Atom(com.typesafe.sbt.packager.debian.JDebPackaging),Set(Atom(com.typesafe.sbt.packager.debian.DebianPlugin))), Clause(Atom(com.typesafe.sbt.packager.docker.DockerPlugin),Set(Atom(com.typesafe.sbt.packager.universal.UniversalPlugin))), Clause(Atom(com.typesafe.sbt.packager.jdkpackager.JDKPackagerDeployPlugin),Set(Atom(com.typesafe.sbt.packager.jdkpackager.JDKPackagerPlugin))), Clause(Atom(com.typesafe.sbt.packager.jdkpackager.JDKPackagerPlugin),Set(Atom(com.typesafe.sbt.packager.archetypes.JavaAppPackaging))), Clause(Atom(com.typesafe.sbt.packager.jdkpackager.JDKPackagerPlugin),Set(Atom(com.typesafe.sbt.packager.archetypes.jar.ClasspathJarPlugin))), Clause(Atom(com.typesafe.sbt.packager.linux.LinuxPlugin),Set(Atom(com.typesafe.sbt.packager.universal.UniversalPlugin))), Clause(Atom(com.typesafe.sbt.packager.rpm.RpmDeployPlugin),Set(Atom(com.typesafe.sbt.packager.rpm.RpmPlugin))), Clause(Atom(com.typesafe.sbt.packager.rpm.RpmPlugin),Set(Atom(com.typesafe.sbt.packager.linux.LinuxPlugin))), Clause(Atom(com.typesafe.sbt.packager.universal.UniversalDeployPlugin),Set(Atom(com.typesafe.sbt.packager.universal.UniversalPlugin))), Clause(Atom(com.typesafe.sbt.packager.universal.UniversalPlugin),Set(Atom(com.typesafe.sbt.SbtNativePackager))), Clause(Atom(com.typesafe.sbt.packager.windows.WindowsDeployPlugin),Set(Atom(com.typesafe.sbt.packager.windows.WindowsPlugin))), Clause(Atom(com.typesafe.sbt.packager.windows.WindowsPlugin),Set(Atom(com.typesafe.sbt.packager.universal.UniversalPlugin))), Clause(Atom(com.typesafe.sbt.web.SbtWeb),Set(Atom(sbt.plugins.JvmPlugin))), Clause(Atom(com.typesafe.sbt.jse.SbtJsEngine),Set(Atom(com.typesafe.sbt.web.SbtWeb))), Clause(Atom(com.typesafe.sbt.jse.SbtJsTask),Set(Atom(com.typesafe.sbt.jse.SbtJsEngine))), Clause(Atom(sbt.plugins.BackgroundRunPlugin),Set(Atom(sbt.plugins.JvmPlugin))), Clause(Atom(com.typesafe.sbt.coffeescript.SbtCoffeeScript),Set(Atom(com.typesafe.sbt.jse.SbtJsTask))), Clause(Atom(com.typesafe.sbt.less.SbtLess),Set(Atom(com.typesafe.sbt.jse.SbtJsTask))), Clause(Atom(com.typesafe.sbt.jshint.SbtJSHint),Set(Atom(com.typesafe.sbt.jse.SbtJsTask))), Clause(Atom(com.typesafe.sbt.rjs.SbtRjs),Set(Atom(com.typesafe.sbt.jse.SbtJsTask))), Clause(Atom(com.typesafe.sbt.digest.SbtDigest),Set(Atom(com.typesafe.sbt.web.SbtWeb))), Clause(Atom(com.typesafe.sbt.mocha.SbtMocha),Set(Atom(com.typesafe.sbt.jse.SbtJsTask))), Clause(Atom(com.typesafe.play.sbt.enhancer.PlayEnhancer),Set(Atom(sbt.plugins.JvmPlugin))), Clause(Atom(play.ebean.sbt.PlayEbean),Set(Atom(com.typesafe.play.sbt.enhancer.PlayEnhancer))), Clause(Atom(sbt.plugins.CorePlugin),Set(Atom(sbt.plugins.IvyPlugin))), Clause(Atom(sbt.plugins.IvyPlugin),Set(Atom(sbt.plugins.JvmPlugin))), Clause(Atom(sbt.plugins.JvmPlugin),Set(Atom(sbt.plugins.JUnitXmlReportPlugin))), Clause(And(Set(Atom(sbt.plugins.BackgroundRunPlugin), Atom(play.sbt.Play), Atom(sbt.plugins.SerializersPlugin))),Set(Atom(play.sbt.forkrun.PlayForkRun))), Clause(Atom(play.sbt.Play),Set(Atom(play.sbt.PlayLayoutPlugin))), Clause(Atom(play.sbt.Play),Set(Atom(play.sbt.PlayNettyServer))), Clause(Atom(com.typesafe.sbt.web.SbtWeb),Set(Atom(com.typesafe.sbt.jse.SbtJsEngine))), Clause(Atom(com.typesafe.sbt.jse.SbtJsEngine),Set(Atom(com.typesafe.sbt.jse.SbtJsTask))), Clause(Atom(sbt.plugins.JvmPlugin),Set(Atom(sbt.plugins.BackgroundRunPlugin))), Clause(Atom(sbt.plugins.CorePlugin),Set(Atom(sbt.plugins.InteractionServicePlugin))), Clause(Atom(sbt.plugins.CorePlugin),Set(Atom(sbt.plugins.SendEventServicePlugin))), Clause(Atom(sbt.plugins.CorePlugin),Set(Atom(sbt.plugins.SerializersPlugin))), Clause(Atom(com.typesafe.sbt.jse.SbtJsTask),Set(Atom(com.typesafe.sbt.coffeescript.SbtCoffeeScript))), Clause(Atom(com.typesafe.sbt.jse.SbtJsTask),Set(Atom(com.typesafe.sbt.less.SbtLess))), Clause(Atom(com.typesafe.sbt.jse.SbtJsTask),Set(Atom(com.typesafe.sbt.jshint.SbtJSHint))), Clause(Atom(com.typesafe.sbt.jse.SbtJsTask),Set(Atom(com.typesafe.sbt.rjs.SbtRjs))), Clause(Atom(com.typesafe.sbt.web.SbtWeb),Set(Atom(com.typesafe.sbt.digest.SbtDigest))), Clause(Atom(com.typesafe.sbt.jse.SbtJsTask),Set(Atom(com.typesafe.sbt.mocha.SbtMocha))), Clause(Atom(sbt.plugins.JvmPlugin),Set(Atom(com.typesafe.play.sbt.enhancer.PlayEnhancer)))))
  :: deduced result: Matched(sbt.plugins.CorePlugin,play.ebean.sbt.PlayEbean,play.sbt.PlayJava,com.typesafe.play.sbt.enhancer.PlayEnhancer,sbt.plugins.InteractionServicePlugin,sbt.plugins.SendEventServicePlugin,play.sbt.Play,sbt.plugins.SerializersPlugin,sbt.plugins.IvyPlugin,com.typesafe.sbt.packager.archetypes.JavaServerAppPackaging,play.twirl.sbt.SbtTwirl,sbt.plugins.JvmPlugin,play.sbt.PlayNettyServer,play.sbt.PlayLayoutPlugin,play.sbt.routes.RoutesCompiler,com.typesafe.sbt.jse.SbtJsTask,com.typesafe.sbt.jshint.SbtJSHint,com.typesafe.sbt.packager.archetypes.JavaAppPackaging,sbt.plugins.JUnitXmlReportPlugin,com.typesafe.sbt.mocha.SbtMocha,com.typesafe.sbt.less.SbtLess,com.typesafe.sbt.rjs.SbtRjs,com.typesafe.sbt.jse.SbtJsEngine,com.typesafe.sbt.coffeescript.SbtCoffeeScript,sbt.plugins.BackgroundRunPlugin,com.typesafe.sbt.packager.rpm.RpmPlugin,com.typesafe.sbt.packager.windows.WindowsPlugin,com.typesafe.sbt.web.SbtWeb,com.typesafe.sbt.packager.docker.DockerPlugin,play.sbt.forkrun.PlayForkRun,com.typesafe.sbt.packager.debian.DebianPlugin,com.typesafe.sbt.digest.SbtDigest,com.typesafe.sbt.packager.universal.UniversalPlugin,com.typesafe.sbt.packager.linux.LinuxPlugin,com.typesafe.sbt.SbtNativePackager)
sorting: ns: List(sbt.plugins.CorePlugin, play.ebean.sbt.PlayEbean, play.sbt.PlayJava, com.typesafe.play.sbt.enhancer.PlayEnhancer, sbt.plugins.InteractionServicePlugin, sbt.plugins.SendEventServicePlugin, play.sbt.Play, sbt.plugins.SerializersPlugin, sbt.plugins.IvyPlugin, com.typesafe.sbt.packager.archetypes.JavaServerAppPackaging, play.twirl.sbt.SbtTwirl, sbt.plugins.JvmPlugin, play.sbt.PlayNettyServer, play.sbt.PlayLayoutPlugin, play.sbt.routes.RoutesCompiler, com.typesafe.sbt.jse.SbtJsTask, com.typesafe.sbt.jshint.SbtJSHint, com.typesafe.sbt.packager.archetypes.JavaAppPackaging, sbt.plugins.JUnitXmlReportPlugin, com.typesafe.sbt.mocha.SbtMocha, com.typesafe.sbt.less.SbtLess, com.typesafe.sbt.rjs.SbtRjs, com.typesafe.sbt.jse.SbtJsEngine, com.typesafe.sbt.coffeescript.SbtCoffeeScript, sbt.plugins.BackgroundRunPlugin, com.typesafe.sbt.packager.rpm.RpmPlugin, com.typesafe.sbt.packager.windows.WindowsPlugin, com.typesafe.sbt.web.SbtWeb, com.typesafe.sbt.packager.docker.DockerPlugin, play.sbt.forkrun.PlayForkRun, com.typesafe.sbt.packager.debian.DebianPlugin, com.typesafe.sbt.digest.SbtDigest, com.typesafe.sbt.packager.universal.UniversalPlugin, com.typesafe.sbt.packager.linux.LinuxPlugin, com.typesafe.sbt.SbtNativePackager)
  :: sorting:: found: List(sbt.plugins.CorePlugin, com.typesafe.sbt.SbtNativePackager) not found List(play.ebean.sbt.PlayEbean, play.sbt.PlayJava, com.typesafe.play.sbt.enhancer.PlayEnhancer, sbt.plugins.InteractionServicePlugin, sbt.plugins.SendEventServicePlugin, play.sbt.Play, sbt.plugins.SerializersPlugin, sbt.plugins.IvyPlugin, com.typesafe.sbt.packager.archetypes.JavaServerAppPackaging, play.twirl.sbt.SbtTwirl, sbt.plugins.JvmPlugin, play.sbt.PlayNettyServer, play.sbt.PlayLayoutPlugin, play.sbt.routes.RoutesCompiler, com.typesafe.sbt.jse.SbtJsTask, com.typesafe.sbt.jshint.SbtJSHint, com.typesafe.sbt.packager.archetypes.JavaAppPackaging, sbt.plugins.JUnitXmlReportPlugin, com.typesafe.sbt.mocha.SbtMocha, com.typesafe.sbt.less.SbtLess, com.typesafe.sbt.rjs.SbtRjs, com.typesafe.sbt.jse.SbtJsEngine, com.typesafe.sbt.coffeescript.SbtCoffeeScript, sbt.plugins.BackgroundRunPlugin, com.typesafe.sbt.packager.rpm.RpmPlugin, com.typesafe.sbt.packager.windows.WindowsPlugin, com.typesafe.sbt.web.SbtWeb, com.typesafe.sbt.packager.docker.DockerPlugin, play.sbt.forkrun.PlayForkRun, com.typesafe.sbt.packager.debian.DebianPlugin, com.typesafe.sbt.digest.SbtDigest, com.typesafe.sbt.packager.universal.UniversalPlugin, com.typesafe.sbt.packager.linux.LinuxPlugin)
  :: sorting:: found: List(sbt.plugins.CorePlugin, com.typesafe.sbt.SbtNativePackager, sbt.plugins.InteractionServicePlugin, sbt.plugins.SendEventServicePlugin, sbt.plugins.SerializersPlugin, sbt.plugins.IvyPlugin, com.typesafe.sbt.packager.universal.UniversalPlugin) not found List(play.ebean.sbt.PlayEbean, play.sbt.PlayJava, com.typesafe.play.sbt.enhancer.PlayEnhancer, play.sbt.Play, com.typesafe.sbt.packager.archetypes.JavaServerAppPackaging, play.twirl.sbt.SbtTwirl, sbt.plugins.JvmPlugin, play.sbt.PlayNettyServer, play.sbt.PlayLayoutPlugin, play.sbt.routes.RoutesCompiler, com.typesafe.sbt.jse.SbtJsTask, com.typesafe.sbt.jshint.SbtJSHint, com.typesafe.sbt.packager.archetypes.JavaAppPackaging, sbt.plugins.JUnitXmlReportPlugin, com.typesafe.sbt.mocha.SbtMocha, com.typesafe.sbt.less.SbtLess, com.typesafe.sbt.rjs.SbtRjs, com.typesafe.sbt.jse.SbtJsEngine, com.typesafe.sbt.coffeescript.SbtCoffeeScript, sbt.plugins.BackgroundRunPlugin, com.typesafe.sbt.packager.rpm.RpmPlugin, com.typesafe.sbt.packager.windows.WindowsPlugin, com.typesafe.sbt.web.SbtWeb, com.typesafe.sbt.packager.docker.DockerPlugin, play.sbt.forkrun.PlayForkRun, com.typesafe.sbt.packager.debian.DebianPlugin, com.typesafe.sbt.digest.SbtDigest, com.typesafe.sbt.packager.linux.LinuxPlugin)
  :: sorting:: found: List(sbt.plugins.CorePlugin, com.typesafe.sbt.SbtNativePackager, sbt.plugins.InteractionServicePlugin, sbt.plugins.SendEventServicePlugin, sbt.plugins.SerializersPlugin, sbt.plugins.IvyPlugin, com.typesafe.sbt.packager.universal.UniversalPlugin, sbt.plugins.JvmPlugin, com.typesafe.sbt.packager.windows.WindowsPlugin, com.typesafe.sbt.packager.docker.DockerPlugin, com.typesafe.sbt.packager.linux.LinuxPlugin) not found List(play.ebean.sbt.PlayEbean, play.sbt.PlayJava, com.typesafe.play.sbt.enhancer.PlayEnhancer, play.sbt.Play, com.typesafe.sbt.packager.archetypes.JavaServerAppPackaging, play.twirl.sbt.SbtTwirl, play.sbt.PlayNettyServer, play.sbt.PlayLayoutPlugin, play.sbt.routes.RoutesCompiler, com.typesafe.sbt.jse.SbtJsTask, com.typesafe.sbt.jshint.SbtJSHint, com.typesafe.sbt.packager.archetypes.JavaAppPackaging, sbt.plugins.JUnitXmlReportPlugin, com.typesafe.sbt.mocha.SbtMocha, com.typesafe.sbt.less.SbtLess, com.typesafe.sbt.rjs.SbtRjs, com.typesafe.sbt.jse.SbtJsEngine, com.typesafe.sbt.coffeescript.SbtCoffeeScript, sbt.plugins.BackgroundRunPlugin, com.typesafe.sbt.packager.rpm.RpmPlugin, com.typesafe.sbt.web.SbtWeb, play.sbt.forkrun.PlayForkRun, com.typesafe.sbt.packager.debian.DebianPlugin, com.typesafe.sbt.digest.SbtDigest)
  :: sorting:: found: List(sbt.plugins.CorePlugin, com.typesafe.sbt.SbtNativePackager, sbt.plugins.InteractionServicePlugin, sbt.plugins.SendEventServicePlugin, sbt.plugins.SerializersPlugin, sbt.plugins.IvyPlugin, com.typesafe.sbt.packager.universal.UniversalPlugin, sbt.plugins.JvmPlugin, com.typesafe.sbt.packager.windows.WindowsPlugin, com.typesafe.sbt.packager.docker.DockerPlugin, com.typesafe.sbt.packager.linux.LinuxPlugin, com.typesafe.play.sbt.enhancer.PlayEnhancer, play.twirl.sbt.SbtTwirl, play.sbt.routes.RoutesCompiler, sbt.plugins.JUnitXmlReportPlugin, sbt.plugins.BackgroundRunPlugin, com.typesafe.sbt.packager.rpm.RpmPlugin, com.typesafe.sbt.web.SbtWeb, com.typesafe.sbt.packager.debian.DebianPlugin) not found List(play.ebean.sbt.PlayEbean, play.sbt.PlayJava, play.sbt.Play, com.typesafe.sbt.packager.archetypes.JavaServerAppPackaging, play.sbt.PlayNettyServer, play.sbt.PlayLayoutPlugin, com.typesafe.sbt.jse.SbtJsTask, com.typesafe.sbt.jshint.SbtJSHint, com.typesafe.sbt.packager.archetypes.JavaAppPackaging, com.typesafe.sbt.mocha.SbtMocha, com.typesafe.sbt.less.SbtLess, com.typesafe.sbt.rjs.SbtRjs, com.typesafe.sbt.jse.SbtJsEngine, com.typesafe.sbt.coffeescript.SbtCoffeeScript, play.sbt.forkrun.PlayForkRun, com.typesafe.sbt.digest.SbtDigest)
  :: sorting:: found: List(sbt.plugins.CorePlugin, com.typesafe.sbt.SbtNativePackager, sbt.plugins.InteractionServicePlugin, sbt.plugins.SendEventServicePlugin, sbt.plugins.SerializersPlugin, sbt.plugins.IvyPlugin, com.typesafe.sbt.packager.universal.UniversalPlugin, sbt.plugins.JvmPlugin, com.typesafe.sbt.packager.windows.WindowsPlugin, com.typesafe.sbt.packager.docker.DockerPlugin, com.typesafe.sbt.packager.linux.LinuxPlugin, com.typesafe.play.sbt.enhancer.PlayEnhancer, play.twirl.sbt.SbtTwirl, play.sbt.routes.RoutesCompiler, sbt.plugins.JUnitXmlReportPlugin, sbt.plugins.BackgroundRunPlugin, com.typesafe.sbt.packager.rpm.RpmPlugin, com.typesafe.sbt.web.SbtWeb, com.typesafe.sbt.packager.debian.DebianPlugin, play.ebean.sbt.PlayEbean, com.typesafe.sbt.packager.archetypes.JavaAppPackaging, com.typesafe.sbt.jse.SbtJsEngine, com.typesafe.sbt.digest.SbtDigest) not found List(play.sbt.PlayJava, play.sbt.Play, com.typesafe.sbt.packager.archetypes.JavaServerAppPackaging, play.sbt.PlayNettyServer, play.sbt.PlayLayoutPlugin, com.typesafe.sbt.jse.SbtJsTask, com.typesafe.sbt.jshint.SbtJSHint, com.typesafe.sbt.mocha.SbtMocha, com.typesafe.sbt.less.SbtLess, com.typesafe.sbt.rjs.SbtRjs, com.typesafe.sbt.coffeescript.SbtCoffeeScript, play.sbt.forkrun.PlayForkRun)
  :: sorting:: found: List(sbt.plugins.CorePlugin, com.typesafe.sbt.SbtNativePackager, sbt.plugins.InteractionServicePlugin, sbt.plugins.SendEventServicePlugin, sbt.plugins.SerializersPlugin, sbt.plugins.IvyPlugin, com.typesafe.sbt.packager.universal.UniversalPlugin, sbt.plugins.JvmPlugin, com.typesafe.sbt.packager.windows.WindowsPlugin, com.typesafe.sbt.packager.docker.DockerPlugin, com.typesafe.sbt.packager.linux.LinuxPlugin, com.typesafe.play.sbt.enhancer.PlayEnhancer, play.twirl.sbt.SbtTwirl, play.sbt.routes.RoutesCompiler, sbt.plugins.JUnitXmlReportPlugin, sbt.plugins.BackgroundRunPlugin, com.typesafe.sbt.packager.rpm.RpmPlugin, com.typesafe.sbt.web.SbtWeb, com.typesafe.sbt.packager.debian.DebianPlugin, play.ebean.sbt.PlayEbean, com.typesafe.sbt.packager.archetypes.JavaAppPackaging, com.typesafe.sbt.jse.SbtJsEngine, com.typesafe.sbt.digest.SbtDigest, com.typesafe.sbt.packager.archetypes.JavaServerAppPackaging, com.typesafe.sbt.jse.SbtJsTask) not found List(play.sbt.PlayJava, play.sbt.Play, play.sbt.PlayNettyServer, play.sbt.PlayLayoutPlugin, com.typesafe.sbt.jshint.SbtJSHint, com.typesafe.sbt.mocha.SbtMocha, com.typesafe.sbt.less.SbtLess, com.typesafe.sbt.rjs.SbtRjs, com.typesafe.sbt.coffeescript.SbtCoffeeScript, play.sbt.forkrun.PlayForkRun)
  :: sorting:: found: List(sbt.plugins.CorePlugin, com.typesafe.sbt.SbtNativePackager, sbt.plugins.InteractionServicePlugin, sbt.plugins.SendEventServicePlugin, sbt.plugins.SerializersPlugin, sbt.plugins.IvyPlugin, com.typesafe.sbt.packager.universal.UniversalPlugin, sbt.plugins.JvmPlugin, com.typesafe.sbt.packager.windows.WindowsPlugin, com.typesafe.sbt.packager.docker.DockerPlugin, com.typesafe.sbt.packager.linux.LinuxPlugin, com.typesafe.play.sbt.enhancer.PlayEnhancer, play.twirl.sbt.SbtTwirl, play.sbt.routes.RoutesCompiler, sbt.plugins.JUnitXmlReportPlugin, sbt.plugins.BackgroundRunPlugin, com.typesafe.sbt.packager.rpm.RpmPlugin, com.typesafe.sbt.web.SbtWeb, com.typesafe.sbt.packager.debian.DebianPlugin, play.ebean.sbt.PlayEbean, com.typesafe.sbt.packager.archetypes.JavaAppPackaging, com.typesafe.sbt.jse.SbtJsEngine, com.typesafe.sbt.digest.SbtDigest, com.typesafe.sbt.packager.archetypes.JavaServerAppPackaging, com.typesafe.sbt.jse.SbtJsTask, play.sbt.Play, com.typesafe.sbt.jshint.SbtJSHint, com.typesafe.sbt.mocha.SbtMocha, com.typesafe.sbt.less.SbtLess, com.typesafe.sbt.rjs.SbtRjs, com.typesafe.sbt.coffeescript.SbtCoffeeScript) not found List(play.sbt.PlayJava, play.sbt.PlayNettyServer, play.sbt.PlayLayoutPlugin, play.sbt.forkrun.PlayForkRun)
  :: sorting:: found: List(sbt.plugins.CorePlugin, com.typesafe.sbt.SbtNativePackager, sbt.plugins.InteractionServicePlugin, sbt.plugins.SendEventServicePlugin, sbt.plugins.SerializersPlugin, sbt.plugins.IvyPlugin, com.typesafe.sbt.packager.universal.UniversalPlugin, sbt.plugins.JvmPlugin, com.typesafe.sbt.packager.windows.WindowsPlugin, com.typesafe.sbt.packager.docker.DockerPlugin, com.typesafe.sbt.packager.linux.LinuxPlugin, com.typesafe.play.sbt.enhancer.PlayEnhancer, play.twirl.sbt.SbtTwirl, play.sbt.routes.RoutesCompiler, sbt.plugins.JUnitXmlReportPlugin, sbt.plugins.BackgroundRunPlugin, com.typesafe.sbt.packager.rpm.RpmPlugin, com.typesafe.sbt.web.SbtWeb, com.typesafe.sbt.packager.debian.DebianPlugin, play.ebean.sbt.PlayEbean, com.typesafe.sbt.packager.archetypes.JavaAppPackaging, com.typesafe.sbt.jse.SbtJsEngine, com.typesafe.sbt.digest.SbtDigest, com.typesafe.sbt.packager.archetypes.JavaServerAppPackaging, com.typesafe.sbt.jse.SbtJsTask, play.sbt.Play, com.typesafe.sbt.jshint.SbtJSHint, com.typesafe.sbt.mocha.SbtMocha, com.typesafe.sbt.less.SbtLess, com.typesafe.sbt.rjs.SbtRjs, com.typesafe.sbt.coffeescript.SbtCoffeeScript, play.sbt.PlayJava, play.sbt.PlayNettyServer, play.sbt.PlayLayoutPlugin, play.sbt.forkrun.PlayForkRun) not found List()
  :: sorted deduced result: List(sbt.plugins.CorePlugin, com.typesafe.sbt.SbtNativePackager, sbt.plugins.InteractionServicePlugin, sbt.plugins.SendEventServicePlugin, sbt.plugins.SerializersPlugin, sbt.plugins.IvyPlugin, com.typesafe.sbt.packager.universal.UniversalPlugin, sbt.plugins.JvmPlugin, com.typesafe.sbt.packager.windows.WindowsPlugin, com.typesafe.sbt.packager.docker.DockerPlugin, com.typesafe.sbt.packager.linux.LinuxPlugin, com.typesafe.play.sbt.enhancer.PlayEnhancer, play.twirl.sbt.SbtTwirl, play.sbt.routes.RoutesCompiler, sbt.plugins.JUnitXmlReportPlugin, sbt.plugins.BackgroundRunPlugin, com.typesafe.sbt.packager.rpm.RpmPlugin, com.typesafe.sbt.web.SbtWeb, com.typesafe.sbt.packager.debian.DebianPlugin, play.ebean.sbt.PlayEbean, com.typesafe.sbt.packager.archetypes.JavaAppPackaging, com.typesafe.sbt.jse.SbtJsEngine, com.typesafe.sbt.digest.SbtDigest, com.typesafe.sbt.packager.archetypes.JavaServerAppPackaging, com.typesafe.sbt.jse.SbtJsTask, play.sbt.Play, com.typesafe.sbt.jshint.SbtJSHint, com.typesafe.sbt.mocha.SbtMocha, com.typesafe.sbt.less.SbtLess, com.typesafe.sbt.rjs.SbtRjs, com.typesafe.sbt.coffeescript.SbtCoffeeScript, play.sbt.PlayJava, play.sbt.PlayNettyServer, play.sbt.PlayLayoutPlugin, play.sbt.forkrun.PlayForkRun)
[Loading] Done in E:\projetos\dev\tweetbook, returning: (root)
Set current project to tweetbook (in build file:/E:/projetos/dev/tweetbook/)
Reapplying settings...
Set current project to tweetbook (in build file:/E:/projetos/dev/tweetbook/)
> iflast shell
> server-send-ready-for-request
> server-handle-next-server-request
> {file:/E:/projetos/dev/tweetbook/}root/compile:discoveredMainClasses
Evaluating tasks: compile:discoveredMainClasses
Running task... Cancel: sbt.server.ServerTaskCancellation@372521f6, check cycles: false
Invalidating E:\projetos\dev\tweetbook\target\scala-2.10\classes\controllers\Twitter$1.class: stamp changed from lastModified(1440046592268) to lastModified(1440046596255)

Initial source changes: 
	removed:Set()
	added: Set()
	modified: Set()
Removed products: Set()
External API changes: API Changes: Set()
Modified binary dependencies: Set(E:\projetos\dev\tweetbook\target\scala-2.10\classes\controllers\Twitter$1.class)
Initial directly invalidated sources: Set()

Sources indirectly invalidated by:
	product: Set()
	binary dep: Set(E:\projetos\dev\tweetbook\app\controllers\Twitter.java)
	external source: Set()
All initially invalidated sources: Set(E:\projetos\dev\tweetbook\app\controllers\Twitter.java)

Read from stdout: Compiling 1 Java source to E:\projetos\dev\tweetbook\target\scala-2.10\classes...
Compiling 1 Java source to E:\projetos\dev\tweetbook\target\scala-2.10\classes...
Attempting to call com.sun.tools.javac.api.JavacTool@3a7c653d directly...
Java compilation took 0.830479861 s
Java analysis took 0.257486448 s
Java compile + analysis took 1.101449036 s
New invalidations:
	Set()
Initial set of included nodes: Set()
Previously invalidated, but (transitively) depend on new invalidations:
	Set()
All newly invalidated sources after taking into account (previously) recompiled sources:Set()
Total time: 3 s, completed 20/08/2015 01:57:08
> server-post-command-cleanup
> server-handle-next-server-request
> {file:/E:/projetos/dev/tweetbook/}root/compile:mainClass
Evaluating tasks: compile:mainClass
Running task... Cancel: sbt.server.ServerTaskCancellation@4e2927f9, check cycles: false
Total time: 0 s, completed 20/08/2015 01:57:08
> server-post-command-cleanup
> server-handle-next-server-request
> {file:/E:/projetos/dev/tweetbook/}root/compile:discoveredMainClasses
Evaluating tasks: compile:discoveredMainClasses
Running task... Cancel: sbt.server.ServerTaskCancellation@334f44a9, check cycles: false
Invalidating E:\projetos\dev\tweetbook\target\scala-2.10\classes\controllers\Twitter$1.class: stamp changed from lastModified(1440046596255) to lastModified(1440046627323)

Initial source changes: 
	removed:Set()
	added: Set()
	modified: Set()
Removed products: Set()
External API changes: API Changes: Set()
Modified binary dependencies: Set(E:\projetos\dev\tweetbook\target\scala-2.10\classes\controllers\Twitter$1.class)
Initial directly invalidated sources: Set()

Sources indirectly invalidated by:
	product: Set()
	binary dep: Set(E:\projetos\dev\tweetbook\app\controllers\Twitter.java)
	external source: Set()
All initially invalidated sources: Set(E:\projetos\dev\tweetbook\app\controllers\Twitter.java)

Read from stdout: Compiling 1 Java source to E:\projetos\dev\tweetbook\target\scala-2.10\classes...
Compiling 1 Java source to E:\projetos\dev\tweetbook\target\scala-2.10\classes...
Attempting to call com.sun.tools.javac.api.JavacTool@34be465c directly...
Java compilation took 0.298612483 s
Java analysis took 0.173447854 s
Java compile + analysis took 0.494135109 s
New invalidations:
	Set()
Initial set of included nodes: Set()
Previously invalidated, but (transitively) depend on new invalidations:
	Set()
All newly invalidated sources after taking into account (previously) recompiled sources:Set()
Total time: 2 s, completed 20/08/2015 01:57:09
> server-post-command-cleanup
> server-handle-next-server-request
> {file:/E:/projetos/dev/tweetbook/}root/compile:mainClass
Evaluating tasks: compile:mainClass
Running task... Cancel: sbt.server.ServerTaskCancellation@89705ff, check cycles: false
Total time: 0 s, completed 20/08/2015 01:57:09
> server-post-command-cleanup
> server-handle-next-server-request
> backgroundRun
Evaluating tasks: compile:backgroundRun
Running task... Cancel: sbt.server.ServerTaskCancellation@77456f5c, check cycles: false
Total time: 0 s, completed 20/08/2015 01:57:15
> server-post-command-cleanup
> server-handle-next-server-request
> {file:/E:/projetos/dev/tweetbook/}root/*:playForkConfig
Evaluating tasks: *:playForkConfig
Running task... Cancel: sbt.server.ServerTaskCancellation@4556f556, check cycles: false
Total time: 0 s, completed 20/08/2015 01:57:24
> server-post-command-cleanup
> server-handle-next-server-request
> root/playForkNotifyStart http://localhost:9000
Evaluating tasks: *:playForkNotifyStart
Running task... Cancel: sbt.server.ServerTaskCancellation@183d8ee3, check cycles: false
Total time: 0 s, completed 20/08/2015 01:57:26
> server-post-command-cleanup
> server-handle-next-server-request
> {file:/E:/projetos/dev/tweetbook/}root/*:playForkReload
Evaluating tasks: *:playForkReload
Running task... Cancel: sbt.server.ServerTaskCancellation@6d733f6c, check cycles: false
Invalidating E:\projetos\dev\tweetbook\target\scala-2.10\classes\controllers\Twitter$1.class: stamp changed from lastModified(1440046627323) to lastModified(1440046629490)

Initial source changes: 
	removed:Set()
	added: Set()
	modified: Set()
Removed products: Set()
External API changes: API Changes: Set()
Modified binary dependencies: Set(E:\projetos\dev\tweetbook\target\scala-2.10\classes\controllers\Twitter$1.class)
Initial directly invalidated sources: Set()

Sources indirectly invalidated by:
	product: Set()
	binary dep: Set(E:\projetos\dev\tweetbook\app\controllers\Twitter.java)
	external source: Set()
All initially invalidated sources: Set(E:\projetos\dev\tweetbook\app\controllers\Twitter.java)

Read from stdout: Compiling 1 Java source to E:\projetos\dev\tweetbook\target\scala-2.10\classes...
Compiling 1 Java source to E:\projetos\dev\tweetbook\target\scala-2.10\classes...
Attempting to call com.sun.tools.javac.api.JavacTool@3946c896 directly...
Java compilation took 0.281987224 s
Java analysis took 0.16701139 s
Java compile + analysis took 0.463817862 s
New invalidations:
	Set()
Initial set of included nodes: Set()
Previously invalidated, but (transitively) depend on new invalidations:
	Set()
All newly invalidated sources after taking into account (previously) recompiled sources:Set()
Copy resource mappings: 
	(E:\projetos\dev\tweetbook\conf\application.conf,E:\projetos\dev\tweetbook\target\scala-2.10\classes\application.conf)
	(E:\projetos\dev\tweetbook\conf\evolutions,E:\projetos\dev\tweetbook\target\scala-2.10\classes\evolutions)
	(E:\projetos\dev\tweetbook\conf\logback.xml,E:\projetos\dev\tweetbook\target\scala-2.10\classes\logback.xml)
	(E:\projetos\dev\tweetbook\conf\META-INF,E:\projetos\dev\tweetbook\target\scala-2.10\classes\META-INF)
	(E:\projetos\dev\tweetbook\conf\routes,E:\projetos\dev\tweetbook\target\scala-2.10\classes\routes)
	(E:\projetos\dev\tweetbook\conf\evolutions\default,E:\projetos\dev\tweetbook\target\scala-2.10\classes\evolutions\default)
	(E:\projetos\dev\tweetbook\conf\evolutions\default\1.sql,E:\projetos\dev\tweetbook\target\scala-2.10\classes\evolutions\default\1.sql)
	(E:\projetos\dev\tweetbook\conf\META-INF\persistence.xml,E:\projetos\dev\tweetbook\target\scala-2.10\classes\META-INF\persistence.xml)
Total time: 2 s, completed 20/08/2015 01:57:35
> server-post-command-cleanup
> server-handle-next-server-request
> compile
Evaluating tasks: compile:compile
Running task... Cancel: sbt.server.ServerTaskCancellation@46ca8025, check cycles: false
Invalidating E:\projetos\dev\tweetbook\target\scala-2.10\classes\controllers\Twitter$1.class: stamp changed from lastModified(1440046629490) to lastModified(1440046654559)

Initial source changes: 
	removed:Set()
	added: Set()
	modified: Set(E:\projetos\dev\tweetbook\app\controllers\Timeline.java)
Removed products: Set()
External API changes: API Changes: Set()
Modified binary dependencies: Set(E:\projetos\dev\tweetbook\target\scala-2.10\classes\controllers\Twitter$1.class)
Initial directly invalidated sources: Set(E:\projetos\dev\tweetbook\app\controllers\Timeline.java)

Sources indirectly invalidated by:
	product: Set()
	binary dep: Set(E:\projetos\dev\tweetbook\app\controllers\Twitter.java)
	external source: Set()
All initially invalidated sources: Set(E:\projetos\dev\tweetbook\app\controllers\Timeline.java, E:\projetos\dev\tweetbook\app\controllers\Twitter.java)

Read from stdout: Compiling 2 Java sources to E:\projetos\dev\tweetbook\target\scala-2.10\classes...
Compiling 2 Java sources to E:\projetos\dev\tweetbook\target\scala-2.10\classes...
Attempting to call com.sun.tools.javac.api.JavacTool@6953c4fc directly...
Read from stdout: E:\projetos\dev\tweetbook\app\controllers\Timeline.java:55:  org.joda.time.DateTime cannot be converted to java.util.Date
E:\projetos\dev\tweetbook\app\controllers\Timeline.java:55:  org.joda.time.DateTime cannot be converted to java.util.Date
Read from stdout: dt
dt
Read from stdout: E:\projetos\dev\tweetbook\app\controllers\Timeline.java:56: cannot find symbol
Read from stdout: symbol:   variable currentUser
Read from stdout: location: class controllers.Timeline
E:\projetos\dev\tweetbook\app\controllers\Timeline.java:56: cannot find symbol
  symbol:   variable currentUser
  location: class controllers.Timeline
Read from stdout: currentUser
currentUser
Read from stdout: Some messages have been simplified; recompile with -Xdiags:verbose to get full output
Some messages have been simplified; recompile with -Xdiags:verbose to get full output
Read from stdout: (compile:compileIncremental) javac returned nonzero exit code
(compile:compileIncremental) javac returned nonzero exit code
Total time: 2 s, completed 20/08/2015 02:00:14
> server-post-command-error-handler
> server-post-command-cleanup
> server-handle-next-server-request
> compile
Evaluating tasks: compile:compile
Running task... Cancel: sbt.server.ServerTaskCancellation@6104f267, check cycles: false
Invalidating E:\projetos\dev\tweetbook\target\scala-2.10\classes\controllers\Twitter$1.class: stamp changed from lastModified(1440046629490) to lastModified(1440046654559)

Initial source changes: 
	removed:Set()
	added: Set()
	modified: Set(E:\projetos\dev\tweetbook\app\controllers\Timeline.java)
Removed products: Set()
External API changes: API Changes: Set()
Modified binary dependencies: Set(E:\projetos\dev\tweetbook\target\scala-2.10\classes\controllers\Twitter$1.class)
Initial directly invalidated sources: Set(E:\projetos\dev\tweetbook\app\controllers\Timeline.java)

Sources indirectly invalidated by:
	product: Set()
	binary dep: Set(E:\projetos\dev\tweetbook\app\controllers\Twitter.java)
	external source: Set()
All initially invalidated sources: Set(E:\projetos\dev\tweetbook\app\controllers\Timeline.java, E:\projetos\dev\tweetbook\app\controllers\Twitter.java)

Read from stdout: Compiling 2 Java sources to E:\projetos\dev\tweetbook\target\scala-2.10\classes...
Compiling 2 Java sources to E:\projetos\dev\tweetbook\target\scala-2.10\classes...
Attempting to call com.sun.tools.javac.api.JavacTool@7ebe94e2 directly...
Read from stdout: E:\projetos\dev\tweetbook\app\controllers\Timeline.java:53: non-static method getById(java.lang.Long) cannot be referenced from a static context
E:\projetos\dev\tweetbook\app\controllers\Timeline.java:53: non-static method getById(java.lang.Long) cannot be referenced from a static context
Read from stdout: Pessoa.getById
Pessoa.getById
Read from stdout: E:\projetos\dev\tweetbook\app\controllers\Timeline.java:57:  org.joda.time.DateTime cannot be converted to java.util.Date
E:\projetos\dev\tweetbook\app\controllers\Timeline.java:57:  org.joda.time.DateTime cannot be converted to java.util.Date
Read from stdout: dt
dt
Read from stdout: Some messages have been simplified; recompile with -Xdiags:verbose to get full output
Some messages have been simplified; recompile with -Xdiags:verbose to get full output
Read from stdout: (compile:compileIncremental) javac returned nonzero exit code
(compile:compileIncremental) javac returned nonzero exit code
Total time: 1 s, completed 20/08/2015 02:01:12
> server-post-command-error-handler
> server-post-command-cleanup
> server-handle-next-server-request
> compile
Evaluating tasks: compile:compile
Running task... Cancel: sbt.server.ServerTaskCancellation@46626b0, check cycles: false
Invalidating E:\projetos\dev\tweetbook\target\scala-2.10\classes\controllers\Twitter$1.class: stamp changed from lastModified(1440046629490) to lastModified(1440046654559)

Initial source changes: 
	removed:Set()
	added: Set()
	modified: Set(E:\projetos\dev\tweetbook\app\controllers\Timeline.java, E:\projetos\dev\tweetbook\app\models\Pessoa.java)
Removed products: Set()
External API changes: API Changes: Set()
Modified binary dependencies: Set(E:\projetos\dev\tweetbook\target\scala-2.10\classes\controllers\Twitter$1.class)
Initial directly invalidated sources: Set(E:\projetos\dev\tweetbook\app\controllers\Timeline.java, E:\projetos\dev\tweetbook\app\models\Pessoa.java)

Sources indirectly invalidated by:
	product: Set()
	binary dep: Set(E:\projetos\dev\tweetbook\app\controllers\Twitter.java)
	external source: Set()
All initially invalidated sources: Set(E:\projetos\dev\tweetbook\app\controllers\Timeline.java, E:\projetos\dev\tweetbook\app\models\Pessoa.java, E:\projetos\dev\tweetbook\app\controllers\Twitter.java)

Read from stdout: Compiling 3 Java sources to E:\projetos\dev\tweetbook\target\scala-2.10\classes...
Compiling 3 Java sources to E:\projetos\dev\tweetbook\target\scala-2.10\classes...
Attempting to call com.sun.tools.javac.api.JavacTool@64c8e541 directly...
Read from stdout: E:\projetos\dev\tweetbook\app\controllers\Timeline.java:57:  org.joda.time.DateTime cannot be converted to java.util.Date
E:\projetos\dev\tweetbook\app\controllers\Timeline.java:57:  org.joda.time.DateTime cannot be converted to java.util.Date
Read from stdout: dt
dt
Read from stdout: Some messages have been simplified; recompile with -Xdiags:verbose to get full output
Some messages have been simplified; recompile with -Xdiags:verbose to get full output
Read from stdout: (compile:compileIncremental) javac returned nonzero exit code
(compile:compileIncremental) javac returned nonzero exit code
Total time: 1 s, completed 20/08/2015 02:01:22
> server-post-command-error-handler
> server-post-command-cleanup
> server-handle-next-server-request
> compile
Evaluating tasks: compile:compile
Running task... Cancel: sbt.server.ServerTaskCancellation@1ba1c4f9, check cycles: false
Invalidating E:\projetos\dev\tweetbook\target\scala-2.10\classes\controllers\Twitter$1.class: stamp changed from lastModified(1440046629490) to lastModified(1440046654559)

Initial source changes: 
	removed:Set()
	added: Set()
	modified: Set(E:\projetos\dev\tweetbook\app\controllers\Timeline.java, E:\projetos\dev\tweetbook\app\models\Pessoa.java)
Removed products: Set()
External API changes: API Changes: Set()
Modified binary dependencies: Set(E:\projetos\dev\tweetbook\target\scala-2.10\classes\controllers\Twitter$1.class)
Initial directly invalidated sources: Set(E:\projetos\dev\tweetbook\app\controllers\Timeline.java, E:\projetos\dev\tweetbook\app\models\Pessoa.java)

Sources indirectly invalidated by:
	product: Set()
	binary dep: Set(E:\projetos\dev\tweetbook\app\controllers\Twitter.java)
	external source: Set()
All initially invalidated sources: Set(E:\projetos\dev\tweetbook\app\controllers\Timeline.java, E:\projetos\dev\tweetbook\app\models\Pessoa.java, E:\projetos\dev\tweetbook\app\controllers\Twitter.java)

Read from stdout: Compiling 3 Java sources to E:\projetos\dev\tweetbook\target\scala-2.10\classes...
Compiling 3 Java sources to E:\projetos\dev\tweetbook\target\scala-2.10\classes...
Attempting to call com.sun.tools.javac.api.JavacTool@3e6cb08 directly...
Read from stdout: E:\projetos\dev\tweetbook\app\controllers\Timeline.java:50:  java.util.Date cannot be converted to org.joda.time.DateTime
E:\projetos\dev\tweetbook\app\controllers\Timeline.java:50:  java.util.Date cannot be converted to org.joda.time.DateTime
Read from stdout: DateTime.now().toDate()
DateTime.now().toDate()
Read from stdout: E:\projetos\dev\tweetbook\app\controllers\Timeline.java:57:  org.joda.time.DateTime cannot be converted to java.util.Date
E:\projetos\dev\tweetbook\app\controllers\Timeline.java:57:  org.joda.time.DateTime cannot be converted to java.util.Date
Read from stdout: dt
dt
Read from stdout: Some messages have been simplified; recompile with -Xdiags:verbose to get full output
Some messages have been simplified; recompile with -Xdiags:verbose to get full output
Read from stdout: (compile:compileIncremental) javac returned nonzero exit code
(compile:compileIncremental) javac returned nonzero exit code
Total time: 1 s, completed 20/08/2015 02:02:24
> server-post-command-error-handler
> server-post-command-cleanup
> server-handle-next-server-request
> compile
Evaluating tasks: compile:compile
Running task... Cancel: sbt.server.ServerTaskCancellation@4b783bd4, check cycles: false
Invalidating E:\projetos\dev\tweetbook\target\scala-2.10\classes\controllers\Twitter$1.class: stamp changed from lastModified(1440046629490) to lastModified(1440046654559)

Initial source changes: 
	removed:Set()
	added: Set()
	modified: Set(E:\projetos\dev\tweetbook\app\controllers\Timeline.java, E:\projetos\dev\tweetbook\app\models\Pessoa.java)
Removed products: Set()
External API changes: API Changes: Set()
Modified binary dependencies: Set(E:\projetos\dev\tweetbook\target\scala-2.10\classes\controllers\Twitter$1.class)
Initial directly invalidated sources: Set(E:\projetos\dev\tweetbook\app\controllers\Timeline.java, E:\projetos\dev\tweetbook\app\models\Pessoa.java)

Sources indirectly invalidated by:
	product: Set()
	binary dep: Set(E:\projetos\dev\tweetbook\app\controllers\Twitter.java)
	external source: Set()
All initially invalidated sources: Set(E:\projetos\dev\tweetbook\app\controllers\Timeline.java, E:\projetos\dev\tweetbook\app\models\Pessoa.java, E:\projetos\dev\tweetbook\app\controllers\Twitter.java)

Read from stdout: Compiling 3 Java sources to E:\projetos\dev\tweetbook\target\scala-2.10\classes...
Compiling 3 Java sources to E:\projetos\dev\tweetbook\target\scala-2.10\classes...
Attempting to call com.sun.tools.javac.api.JavacTool@1c67066d directly...
Read from stdout: E:\projetos\dev\tweetbook\app\controllers\Timeline.java:50: cannot find symbol
Read from stdout: symbol:   class Date
Read from stdout: location: class controllers.Timeline
E:\projetos\dev\tweetbook\app\controllers\Timeline.java:50: cannot find symbol
  symbol:   class Date
  location: class controllers.Timeline
Read from stdout: Date
Date
Read from stdout: (compile:compileIncremental) javac returned nonzero exit code
(compile:compileIncremental) javac returned nonzero exit code
Total time: 1 s, completed 20/08/2015 02:02:26
> server-post-command-error-handler
> server-post-command-cleanup
> server-handle-next-server-request
> compile
Evaluating tasks: compile:compile
Running task... Cancel: sbt.server.ServerTaskCancellation@6b545c2c, check cycles: false
Invalidating E:\projetos\dev\tweetbook\target\scala-2.10\classes\controllers\Twitter$1.class: stamp changed from lastModified(1440046629490) to lastModified(1440046654559)

Initial source changes: 
	removed:Set()
	added: Set()
	modified: Set(E:\projetos\dev\tweetbook\app\controllers\Timeline.java, E:\projetos\dev\tweetbook\app\models\Pessoa.java)
Removed products: Set()
External API changes: API Changes: Set()
Modified binary dependencies: Set(E:\projetos\dev\tweetbook\target\scala-2.10\classes\controllers\Twitter$1.class)
Initial directly invalidated sources: Set(E:\projetos\dev\tweetbook\app\controllers\Timeline.java, E:\projetos\dev\tweetbook\app\models\Pessoa.java)

Sources indirectly invalidated by:
	product: Set()
	binary dep: Set(E:\projetos\dev\tweetbook\app\controllers\Twitter.java)
	external source: Set()
All initially invalidated sources: Set(E:\projetos\dev\tweetbook\app\controllers\Timeline.java, E:\projetos\dev\tweetbook\app\models\Pessoa.java, E:\projetos\dev\tweetbook\app\controllers\Twitter.java)

Read from stdout: Compiling 3 Java sources to E:\projetos\dev\tweetbook\target\scala-2.10\classes...
Compiling 3 Java sources to E:\projetos\dev\tweetbook\target\scala-2.10\classes...
Attempting to call com.sun.tools.javac.api.JavacTool@60dcec76 directly...
Java compilation took 0.438554088 s
Java analysis took 0.277357671 s
Java compile + analysis took 0.726686667 s
Invalidating E:\projetos\dev\tweetbook\app\models\Pessoa.java...
Invalidating (transitively) by inheritance from E:\projetos\dev\tweetbook\app\models\Pessoa.java...
Initial set of included nodes: Set(E:\projetos\dev\tweetbook\app\models\Pessoa.java)
Invalidated by transitive inheritance dependency: Set(E:\projetos\dev\tweetbook\app\models\Pessoa.java)
The E:\projetos\dev\tweetbook\app\models\Pessoa.java source file has the following regular definitions changed:
	getById, grupos, gruposCriados, eventos, eventosCriados, curtidas, postagens, comentarios, amigos.
All member reference dependencies will be considered within this context.
Name hashing optimization doesn't apply to non-Scala dependency: E:\projetos\dev\tweetbook\app\controllers\Index.java
None of the modified names appears in E:\projetos\dev\tweetbook\target\scala-2.10\twirl\main\views\html\profile.template.scala. This dependency is not being considered for invalidation.
None of the modified names appears in E:\projetos\dev\tweetbook\target\scala-2.10\twirl\main\views\html\timeline.template.scala. This dependency is not being considered for invalidation.
Name hashing optimization doesn't apply to non-Scala dependency: E:\projetos\dev\tweetbook\app\controllers\Timeline.java
Name hashing optimization doesn't apply to non-Scala dependency: E:\projetos\dev\tweetbook\app\models\Pessoa.java
Name hashing optimization doesn't apply to non-Scala dependency: E:\projetos\dev\tweetbook\app\models\Evento.java
Name hashing optimization doesn't apply to non-Scala dependency: E:\projetos\dev\tweetbook\app\models\Grupo.java
None of the modified names appears in E:\projetos\dev\tweetbook\target\scala-2.10\twirl\main\views\html\newUser.template.scala. This dependency is not being considered for invalidation.
Name hashing optimization doesn't apply to non-Scala dependency: E:\projetos\dev\tweetbook\app\models\Post.java
Name hashing optimization doesn't apply to non-Scala dependency: E:\projetos\dev\tweetbook\app\controllers\User.java
Name hashing optimization doesn't apply to non-Scala dependency: E:\projetos\dev\tweetbook\app\models\Comentario.java
New invalidations:
	Set(E:\projetos\dev\tweetbook\app\controllers\Index.java, E:\projetos\dev\tweetbook\app\controllers\Timeline.java, E:\projetos\dev\tweetbook\app\models\Evento.java, E:\projetos\dev\tweetbook\app\models\Grupo.java, E:\projetos\dev\tweetbook\app\models\Post.java, E:\projetos\dev\tweetbook\app\controllers\User.java, E:\projetos\dev\tweetbook\app\models\Comentario.java)
Initial set of included nodes: Set(E:\projetos\dev\tweetbook\app\controllers\Index.java, E:\projetos\dev\tweetbook\app\controllers\Timeline.java, E:\projetos\dev\tweetbook\app\models\Evento.java, E:\projetos\dev\tweetbook\app\models\Grupo.java, E:\projetos\dev\tweetbook\app\models\Post.java, E:\projetos\dev\tweetbook\app\controllers\User.java, E:\projetos\dev\tweetbook\app\models\Comentario.java)
Including E:\projetos\dev\tweetbook\target\scala-2.10\routes\main\router\Routes.scala by E:\projetos\dev\tweetbook\app\controllers\Index.java
Including E:\projetos\dev\tweetbook\target\scala-2.10\twirl\main\views\html\timeline.template.scala by E:\projetos\dev\tweetbook\app\models\Post.java
Including E:\projetos\dev\tweetbook\app\models\Comentario.java by E:\projetos\dev\tweetbook\app\models\Post.java
Previously invalidated, but (transitively) depend on new invalidations:
	Set()
All newly invalidated sources after taking into account (previously) recompiled sources:Set(E:\projetos\dev\tweetbook\app\controllers\Index.java, E:\projetos\dev\tweetbook\app\models\Evento.java, E:\projetos\dev\tweetbook\app\models\Grupo.java, E:\projetos\dev\tweetbook\app\models\Post.java, E:\projetos\dev\tweetbook\app\controllers\User.java, E:\projetos\dev\tweetbook\app\models\Comentario.java)
Read from stdout: Compiling 7 Java sources to E:\projetos\dev\tweetbook\target\scala-2.10\classes...
Compiling 7 Java sources to E:\projetos\dev\tweetbook\target\scala-2.10\classes...
Attempting to call com.sun.tools.javac.api.JavacTool@60dcec76 directly...
Java compilation took 0.377685146 s
Java analysis took 0.243107011 s
Java compile + analysis took 0.637309786 s
Invalidating E:\projetos\dev\tweetbook\app\models\Grupo.java...
Invalidating (transitively) by inheritance from E:\projetos\dev\tweetbook\app\models\Grupo.java...
Initial set of included nodes: Set(E:\projetos\dev\tweetbook\app\models\Grupo.java)
Invalidated by transitive inheritance dependency: Set(E:\projetos\dev\tweetbook\app\models\Grupo.java)
The E:\projetos\dev\tweetbook\app\models\Grupo.java source file has the following regular definitions changed:
	participantes.
All member reference dependencies will be considered within this context.
Name hashing optimization doesn't apply to non-Scala dependency: E:\projetos\dev\tweetbook\app\models\Grupo.java
New invalidations:
	Set()
Initial set of included nodes: Set()
Previously invalidated, but (transitively) depend on new invalidations:
	Set()
All newly invalidated sources after taking into account (previously) recompiled sources:Set()
Total time: 2 s, completed 20/08/2015 02:02:38
> server-post-command-cleanup
> server-handle-next-server-request
> jobStop 1
Evaluating tasks: *:jobStop
Running task... Cancel: sbt.server.ServerTaskCancellation@593494e3, check cycles: false
Total time: 0 s, completed 20/08/2015 02:02:38
> server-post-command-cleanup
> server-handle-next-server-request
> backgroundRun
Evaluating tasks: compile:backgroundRun
Running task... Cancel: sbt.server.ServerTaskCancellation@180f32b3, check cycles: false
Total time: 0 s, completed 20/08/2015 02:02:38
> server-post-command-cleanup
> server-handle-next-server-request
> {file:/E:/projetos/dev/tweetbook/}root/*:playForkConfig
Evaluating tasks: *:playForkConfig
Running task... Cancel: sbt.server.ServerTaskCancellation@7c3bdf25, check cycles: false
Total time: 1 s, completed 20/08/2015 02:02:43
> server-post-command-cleanup
> server-handle-next-server-request
> root/playForkNotifyStart http://localhost:9000
Evaluating tasks: *:playForkNotifyStart
Running task... Cancel: sbt.server.ServerTaskCancellation@383befbf, check cycles: false
Total time: 0 s, completed 20/08/2015 02:02:44
> server-post-command-cleanup
> server-handle-next-server-request
> {file:/E:/projetos/dev/tweetbook/}root/*:playForkReload
Evaluating tasks: *:playForkReload
Running task... Cancel: sbt.server.ServerTaskCancellation@5b1fe78a, check cycles: false
Invalidating E:\projetos\dev\tweetbook\target\scala-2.10\classes\controllers\Twitter$1.class: stamp changed from lastModified(1440046654559) to lastModified(1440046956738)

Initial source changes: 
	removed:Set()
	added: Set()
	modified: Set()
Removed products: Set()
External API changes: API Changes: Set()
Modified binary dependencies: Set(E:\projetos\dev\tweetbook\target\scala-2.10\classes\controllers\Twitter$1.class)
Initial directly invalidated sources: Set()

Sources indirectly invalidated by:
	product: Set()
	binary dep: Set(E:\projetos\dev\tweetbook\app\controllers\Twitter.java)
	external source: Set()
All initially invalidated sources: Set(E:\projetos\dev\tweetbook\app\controllers\Twitter.java)

Read from stdout: Compiling 1 Java source to E:\projetos\dev\tweetbook\target\scala-2.10\classes...
Compiling 1 Java source to E:\projetos\dev\tweetbook\target\scala-2.10\classes...
Attempting to call com.sun.tools.javac.api.JavacTool@720ba10b directly...
Java compilation took 0.598034134 s
Java analysis took 0.097486544 s
Java compile + analysis took 0.714514078 s
New invalidations:
	Set()
Initial set of included nodes: Set()
Previously invalidated, but (transitively) depend on new invalidations:
	Set()
All newly invalidated sources after taking into account (previously) recompiled sources:Set()
Copy resource mappings: 
	(E:\projetos\dev\tweetbook\conf\application.conf,E:\projetos\dev\tweetbook\target\scala-2.10\classes\application.conf)
	(E:\projetos\dev\tweetbook\conf\evolutions,E:\projetos\dev\tweetbook\target\scala-2.10\classes\evolutions)
	(E:\projetos\dev\tweetbook\conf\logback.xml,E:\projetos\dev\tweetbook\target\scala-2.10\classes\logback.xml)
	(E:\projetos\dev\tweetbook\conf\META-INF,E:\projetos\dev\tweetbook\target\scala-2.10\classes\META-INF)
	(E:\projetos\dev\tweetbook\conf\routes,E:\projetos\dev\tweetbook\target\scala-2.10\classes\routes)
	(E:\projetos\dev\tweetbook\conf\evolutions\default,E:\projetos\dev\tweetbook\target\scala-2.10\classes\evolutions\default)
	(E:\projetos\dev\tweetbook\conf\evolutions\default\1.sql,E:\projetos\dev\tweetbook\target\scala-2.10\classes\evolutions\default\1.sql)
	(E:\projetos\dev\tweetbook\conf\META-INF\persistence.xml,E:\projetos\dev\tweetbook\target\scala-2.10\classes\META-INF\persistence.xml)
Total time: 3 s, completed 20/08/2015 02:02:56
> server-post-command-cleanup
> server-handle-next-server-request
